<?xml version="1.0" encoding="UTF-8"?>
<!-- Generated by org.testng.reporters.JUnitXMLReporter -->
<testsuite ignored="0" hostname="DESKTOP-DQRDBH9" failures="0" tests="5" name="Default test" time="17.504" errors="0" timestamp="2025-12-31T12:09:13 EET">
  <testcase classname="SignupDatabase.MyTest" name="ReadData" time="0.109"/>
  <testcase classname="SignupDatabase.MyTest" name="Signup" time="14.705"/>
  <testcase classname="SignupDatabase.MyTest" name="InsertIntoTable" time="0.012"/>
  <testcase classname="SignupDatabase.MyTest" name="UpdateTheData" time="0.004"/>
  <testcase classname="SignupDatabase.MyTest" name="deleteQuery" time="0.005"/>
</testsuite> <!-- Default test -->
