<?xml version="1.0" encoding="UTF-8"?>
<testng-results ignored="0" total="5" passed="5" failed="0" skipped="0">
  <reporter-output>
  </reporter-output>
  <suite started-at="2025-12-31T12:08:55 EET" name="Default suite" finished-at="2025-12-31T12:09:13 EET" duration-ms="17504">
    <groups>
    </groups>
    <test started-at="2025-12-31T12:08:55 EET" name="Default test" finished-at="2025-12-31T12:09:13 EET" duration-ms="17504">
      <class name="SignupDatabase.MyTest">
        <test-method is-config="true" signature="mytest()[pri:0, instance:SignupDatabase.MyTest@59f63e24]" started-at="2025-12-31T12:08:55 EET" name="mytest" finished-at="2025-12-31T12:08:58 EET" duration-ms="2537" status="PASS">
          <reporter-output>
          </reporter-output>
        </test-method> <!-- mytest -->
        <test-method is-config="true" signature="RunBeforeEachTest()[pri:0, instance:SignupDatabase.MyTest@59f63e24]" started-at="2025-12-31T12:08:58 EET" name="RunBeforeEachTest" finished-at="2025-12-31T12:08:58 EET" duration-ms="8" status="PASS">
          <reporter-output>
          </reporter-output>
        </test-method> <!-- RunBeforeEachTest -->
        <test-method signature="ReadData()[pri:1, instance:SignupDatabase.MyTest@59f63e24]" started-at="2025-12-31T12:08:58 EET" name="ReadData" finished-at="2025-12-31T12:08:58 EET" duration-ms="109" status="PASS">
          <reporter-output>
          </reporter-output>
        </test-method> <!-- ReadData -->
        <test-method is-config="true" signature="RunBeforeEachTest()[pri:0, instance:SignupDatabase.MyTest@59f63e24]" started-at="2025-12-31T12:08:58 EET" name="RunBeforeEachTest" finished-at="2025-12-31T12:08:58 EET" duration-ms="3" status="PASS">
          <reporter-output>
          </reporter-output>
        </test-method> <!-- RunBeforeEachTest -->
        <test-method signature="Signup()[pri:2, instance:SignupDatabase.MyTest@59f63e24]" started-at="2025-12-31T12:08:58 EET" name="Signup" finished-at="2025-12-31T12:09:13 EET" duration-ms="14705" status="PASS">
          <reporter-output>
          </reporter-output>
        </test-method> <!-- Signup -->
        <test-method is-config="true" signature="RunBeforeEachTest()[pri:0, instance:SignupDatabase.MyTest@59f63e24]" started-at="2025-12-31T12:09:13 EET" name="RunBeforeEachTest" finished-at="2025-12-31T12:09:13 EET" duration-ms="1" status="PASS">
          <reporter-output>
          </reporter-output>
        </test-method> <!-- RunBeforeEachTest -->
        <test-method signature="InsertIntoTable()[pri:3, instance:SignupDatabase.MyTest@59f63e24]" started-at="2025-12-31T12:09:13 EET" name="InsertIntoTable" finished-at="2025-12-31T12:09:13 EET" duration-ms="12" status="PASS">
          <reporter-output>
          </reporter-output>
        </test-method> <!-- InsertIntoTable -->
        <test-method signature="UpdateTheData()[pri:4, instance:SignupDatabase.MyTest@59f63e24]" started-at="2025-12-31T12:09:13 EET" name="UpdateTheData" finished-at="2025-12-31T12:09:13 EET" duration-ms="4" status="PASS">
          <reporter-output>
          </reporter-output>
        </test-method> <!-- UpdateTheData -->
        <test-method is-config="true" signature="RunBeforeEachTest()[pri:0, instance:SignupDatabase.MyTest@59f63e24]" started-at="2025-12-31T12:09:13 EET" name="RunBeforeEachTest" finished-at="2025-12-31T12:09:13 EET" duration-ms="0" status="PASS">
          <reporter-output>
          </reporter-output>
        </test-method> <!-- RunBeforeEachTest -->
        <test-method signature="deleteQuery()[pri:5, instance:SignupDatabase.MyTest@59f63e24]" started-at="2025-12-31T12:09:13 EET" name="deleteQuery" finished-at="2025-12-31T12:09:13 EET" duration-ms="5" status="PASS">
          <reporter-output>
          </reporter-output>
        </test-method> <!-- deleteQuery -->
        <test-method is-config="true" signature="RunBeforeEachTest()[pri:0, instance:SignupDatabase.MyTest@59f63e24]" started-at="2025-12-31T12:09:13 EET" name="RunBeforeEachTest" finished-at="2025-12-31T12:09:13 EET" duration-ms="0" status="PASS">
          <reporter-output>
          </reporter-output>
        </test-method> <!-- RunBeforeEachTest -->
        <test-method is-config="true" signature="AfterFinishingMyTest()[pri:0, instance:SignupDatabase.MyTest@59f63e24]" started-at="2025-12-31T12:09:13 EET" name="AfterFinishingMyTest" finished-at="2025-12-31T12:09:13 EET" duration-ms="0" status="PASS">
          <reporter-output>
          </reporter-output>
        </test-method> <!-- AfterFinishingMyTest -->
      </class> <!-- SignupDatabase.MyTest -->
    </test> <!-- Default test -->
  </suite> <!-- Default suite -->
</testng-results>
