<?xml version="1.0" encoding="UTF-8"?>
<!-- Generated by org.testng.reporters.JUnitReportReporter -->
<testsuite hostname="DESKTOP-DQRDBH9" failures="0" tests="5" name="SignupDatabase.MyTest" time="14.847" errors="0" timestamp="2025-12-31T12:09:13 EET" skipped="0">
  <testcase classname="SignupDatabase.MyTest" name="ReadData" time="0.109"/>
  <testcase classname="SignupDatabase.MyTest" name="Signup" time="14.706"/>
  <testcase classname="SignupDatabase.MyTest" name="InsertIntoTable" time="0.015"/>
  <testcase classname="SignupDatabase.MyTest" name="UpdateTheData" time="0.004"/>
  <testcase classname="SignupDatabase.MyTest" name="deleteQuery" time="0.013"/>
</testsuite> <!-- SignupDatabase.MyTest -->
